# JRE version: Java(TM) SE Runtime Environment (8.0_101-b13) (build 1.8.0_101-b13)
# Java VM: Java HotSpot(TM) 64-Bit Server VM (25.101-b13 mixed mode windows-amd64 compressed oops)
Heap:
 PSYoungGen      total 101888K, used 9163K [0x00000000eb200000, 0x00000000f2380000, 0x0000000100000000)
  eden space 92160K, 9% used [0x00000000eb200000,0x00000000ebaf2ec8,0x00000000f0c00000)
  from space 9728K, 0% used [0x00000000f1680000,0x00000000f1680000,0x00000000f2000000)
  to   space 10752K, 0% used [0x00000000f0c00000,0x00000000f0c00000,0x00000000f1680000)
 ParOldGen       total 37376K, used 13263K [0x00000000c1600000, 0x00000000c3a80000, 0x00000000eb200000)
  object space 37376K, 35% used [0x00000000c1600000,0x00000000c22f3ed8,0x00000000c3a80000)
 Metaspace       used 36276K, capacity 36664K, committed 36992K, reserved 1081344K
  class space    used 4830K, capacity 4936K, committed 4992K, reserved 1048576K
GC Heap History (10 events):
Event: 2.332 GC heap before
{Heap before GC invocations=6 (full 0):
 PSYoungGen      total 35328K, used 16828K [0x00000000eb200000, 0x00000000eff00000, 0x0000000100000000)
  eden space 32768K, 43% used [0x00000000eb200000,0x00000000ebff19e8,0x00000000ed200000)
  from space 2560K, 99% used [0x00000000ed200000,0x00000000ed47d930,0x00000000ed480000)
  to   space 6656K, 0% used [0x00000000ef880000,0x00000000ef880000,0x00000000eff00000)
 ParOldGen       total 44032K, used 5687K [0x00000000c1600000, 0x00000000c4100000, 0x00000000eb200000)
  object space 44032K, 12% used [0x00000000c1600000,0x00000000c1b8deb8,0x00000000c4100000)
 Metaspace       used 20884K, capacity 21086K, committed 21248K, reserved 1067008K
  class space    used 2915K, capacity 2989K, committed 3072K, reserved 1048576K
Event: 2.339 GC heap after
Heap after GC invocations=6 (full 0):
 PSYoungGen      total 71680K, used 4918K [0x00000000eb200000, 0x00000000f0000000, 0x0000000100000000)
  eden space 65024K, 0% used [0x00000000eb200000,0x00000000eb200000,0x00000000ef180000)
  from space 6656K, 73% used [0x00000000ef880000,0x00000000efd4d908,0x00000000eff00000)
  to   space 7168K, 0% used [0x00000000ef180000,0x00000000ef180000,0x00000000ef880000)
 ParOldGen       total 44032K, used 5695K [0x00000000c1600000, 0x00000000c4100000, 0x00000000eb200000)
  object space 44032K, 12% used [0x00000000c1600000,0x00000000c1b8feb8,0x00000000c4100000)
 Metaspace       used 20884K, capacity 21086K, committed 21248K, reserved 1067008K
  class space    used 2915K, capacity 2989K, committed 3072K, reserved 1048576K
}
Event: 2.339 GC heap before
{Heap before GC invocations=7 (full 1):
 PSYoungGen      total 71680K, used 4918K [0x00000000eb200000, 0x00000000f0000000, 0x0000000100000000)
  eden space 65024K, 0% used [0x00000000eb200000,0x00000000eb200000,0x00000000ef180000)
  from space 6656K, 73% used [0x00000000ef880000,0x00000000efd4d908,0x00000000eff00000)
  to   space 7168K, 0% used [0x00000000ef180000,0x00000000ef180000,0x00000000ef880000)
 ParOldGen       total 44032K, used 5695K [0x00000000c1600000, 0x00000000c4100000, 0x00000000eb200000)
  object space 44032K, 12% used [0x00000000c1600000,0x00000000c1b8feb8,0x00000000c4100000)
 Metaspace       used 20884K, capacity 21086K, committed 21248K, reserved 1067008K
  class space    used 2915K, capacity 2989K, committed 3072K, reserved 1048576K
Event: 2.391 GC heap after
Heap after GC invocations=7 (full 1):
 PSYoungGen      total 71680K, used 0K [0x00000000eb200000, 0x00000000f0000000, 0x0000000100000000)
  eden space 65024K, 0% used [0x00000000eb200000,0x00000000eb200000,0x00000000ef180000)
  from space 6656K, 0% used [0x00000000ef880000,0x00000000ef880000,0x00000000eff00000)
  to   space 7168K, 0% used [0x00000000ef180000,0x00000000ef180000,0x00000000ef880000)
 ParOldGen       total 37376K, used 8374K [0x00000000c1600000, 0x00000000c3a80000, 0x00000000eb200000)
  object space 37376K, 22% used [0x00000000c1600000,0x00000000c1e2db60,0x00000000c3a80000)
 Metaspace       used 20884K, capacity 21086K, committed 21248K, reserved 1067008K
  class space    used 2915K, capacity 2989K, committed 3072K, reserved 1048576K
}
Event: 3.547 GC heap before
{Heap before GC invocations=8 (full 1):
 PSYoungGen      total 71680K, used 65024K [0x00000000eb200000, 0x00000000f0000000, 0x0000000100000000)
  eden space 65024K, 100% used [0x00000000eb200000,0x00000000ef180000,0x00000000ef180000)
  from space 6656K, 0% used [0x00000000ef880000,0x00000000ef880000,0x00000000eff00000)
  to   space 7168K, 0% used [0x00000000ef180000,0x00000000ef180000,0x00000000ef880000)
 ParOldGen       total 37376K, used 8374K [0x00000000c1600000, 0x00000000c3a80000, 0x00000000eb200000)
  object space 37376K, 22% used [0x00000000c1600000,0x00000000c1e2db60,0x00000000c3a80000)
 Metaspace       used 30757K, capacity 31068K, committed 31488K, reserved 1077248K
  class space    used 4242K, capacity 4326K, committed 4352K, reserved 1048576K
Event: 3.561 GC heap after
Heap after GC invocations=8 (full 1):
 PSYoungGen      total 72192K, used 7136K [0x00000000eb200000, 0x00000000f2000000, 0x0000000100000000)
  eden space 65024K, 0% used [0x00000000eb200000,0x00000000eb200000,0x00000000ef180000)
  from space 7168K, 99% used [0x00000000ef180000,0x00000000ef8781a8,0x00000000ef880000)
  to   space 9728K, 0% used [0x00000000f1680000,0x00000000f1680000,0x00000000f2000000)
 ParOldGen       total 37376K, used 10717K [0x00000000c1600000, 0x00000000c3a80000, 0x00000000eb200000)
  object space 37376K, 28% used [0x00000000c1600000,0x00000000c20774e0,0x00000000c3a80000)
 Metaspace       used 30757K, capacity 31068K, committed 31488K, reserved 1077248K
  class space    used 4242K, capacity 4326K, committed 4352K, reserved 1048576K
}
Event: 4.283 GC heap before
{Heap before GC invocations=9 (full 1):
 PSYoungGen      total 72192K, used 62251K [0x00000000eb200000, 0x00000000f2000000, 0x0000000100000000)
  eden space 65024K, 84% used [0x00000000eb200000,0x00000000ee7d2cf8,0x00000000ef180000)
  from space 7168K, 99% used [0x00000000ef180000,0x00000000ef8781a8,0x00000000ef880000)
  to   space 9728K, 0% used [0x00000000f1680000,0x00000000f1680000,0x00000000f2000000)
 ParOldGen       total 37376K, used 10717K [0x00000000c1600000, 0x00000000c3a80000, 0x00000000eb200000)
  object space 37376K, 28% used [0x00000000c1600000,0x00000000c20774e0,0x00000000c3a80000)
 Metaspace       used 34771K, capacity 35128K, committed 35416K, reserved 1079296K
  class space    used 4671K, capacity 4769K, committed 4864K, reserved 1048576K
Event: 4.300 GC heap after
Heap after GC invocations=9 (full 1):
 PSYoungGen      total 101888K, used 8199K [0x00000000eb200000, 0x00000000f2380000, 0x0000000100000000)
  eden space 92160K, 0% used [0x00000000eb200000,0x00000000eb200000,0x00000000f0c00000)
  from space 9728K, 84% used [0x00000000f1680000,0x00000000f1e81c28,0x00000000f2000000)
  to   space 10752K, 0% used [0x00000000f0c00000,0x00000000f0c00000,0x00000000f1680000)
 ParOldGen       total 37376K, used 10725K [0x00000000c1600000, 0x00000000c3a80000, 0x00000000eb200000)
  object space 37376K, 28% used [0x00000000c1600000,0x00000000c20794e0,0x00000000c3a80000)
 Metaspace       used 34771K, capacity 35128K, committed 35416K, reserved 1079296K
  class space    used 4671K, capacity 4769K, committed 4864K, reserved 1048576K
}
Event: 4.300 GC heap before
{Heap before GC invocations=10 (full 2):
 PSYoungGen      total 101888K, used 8199K [0x00000000eb200000, 0x00000000f2380000, 0x0000000100000000)
  eden space 92160K, 0% used [0x00000000eb200000,0x00000000eb200000,0x00000000f0c00000)
  from space 9728K, 84% used [0x00000000f1680000,0x00000000f1e81c28,0x00000000f2000000)
  to   space 10752K, 0% used [0x00000000f0c00000,0x00000000f0c00000,0x00000000f1680000)
 ParOldGen       total 37376K, used 10725K [0x00000000c1600000, 0x00000000c3a80000, 0x00000000eb200000)
  object space 37376K, 28% used [0x00000000c1600000,0x00000000c20794e0,0x00000000c3a80000)
 Metaspace       used 34771K, capacity 35128K, committed 35416K, reserved 1079296K
  class space    used 4671K, capacity 4769K, committed 4864K, reserved 1048576K
Event: 4.404 GC heap after
Heap after GC invocations=10 (full 2):
 PSYoungGen      total 101888K, used 0K [0x00000000eb200000, 0x00000000f2380000, 0x0000000100000000)
  eden space 92160K, 0% used [0x00000000eb200000,0x00000000eb200000,0x00000000f0c00000)
  from space 9728K, 0% used [0x00000000f1680000,0x00000000f1680000,0x00000000f2000000)
  to   space 10752K, 0% used [0x00000000f0c00000,0x00000000f0c00000,0x00000000f1680000)
 ParOldGen       total 37376K, used 13263K [0x00000000c1600000, 0x00000000c3a80000, 0x00000000eb200000)
  object space 37376K, 35% used [0x00000000c1600000,0x00000000c22f3ed8,0x00000000c3a80000)
 Metaspace       used 34771K, capacity 35128K, committed 35416K, reserved 1079296K
  class space    used 4671K, capacity 4769K, committed 4864K, reserved 1048576K
}

